#
# There is insufficient memory for the Java Runtime Environment to continue.
# Native memory allocation (malloc) failed to allocate 1048576 bytes for AllocateHeap
# Possible reasons:
#   The system is out of physical RAM or swap space
#   In 32 bit mode, the process size limit was hit
# Possible solutions:
#   Reduce memory load on the system
#   Increase physical memory or swap space
#   Check if swap backing store is full
#   Use 64 bit Java on a 64 bit OS
#   Decrease Java heap size (-Xmx/-Xms)
#   Decrease number of Java threads
#   Decrease Java thread stack sizes (-Xss)
#   Set larger code cache with -XX:ReservedCodeCacheSize=
# This output file may be truncated or incomplete.
#
#  Out of Memory Error (memory/allocation.inline.hpp:61), pid=16416, tid=0x0000000000004a84
#
# JRE version:  (8.0_144-b01) (build )
# Java VM: Java HotSpot(TM) 64-Bit Server VM (25.144-b01 mixed mode windows-amd64 compressed oops)
# Failed to write core dump. Minidumps are not enabled by default on client versions of Windows
#

---------------  T H R E A D  ---------------

Current thread (0x0000000002450800):  JavaThread "Unknown thread" [_thread_in_vm, id=19076, stack(0x00000000022e0000,0x00000000023e0000)]

Stack: [0x00000000022e0000,0x00000000023e0000]
[error occurred during error reporting (printing stack bounds), id 0xc0000005]

Native frames: (J=compiled Java code, j=interpreted, Vv=VM code, C=native code)


---------------  P R O C E S S  ---------------

Java Threads: ( => current thread )

Other Threads:

=>0x0000000002450800 (exited) JavaThread "Unknown thread" [_thread_in_vm, id=19076, stack(0x00000000022e0000,0x00000000023e0000)]

VM state:not at safepoint (normal execution)

VM Mutex/Monitor currently owned by a thread: None

Heap:
 PSYoungGen      total 76288K, used 1310K [0x000000076b300000, 0x0000000770800000, 0x00000007c0000000)
  eden space 65536K, 2% used [0x000000076b300000,0x000000076b447af0,0x000000076f300000)
  from space 10752K, 0% used [0x000000076fd80000,0x000000076fd80000,0x0000000770800000)
  to   space 10752K, 0% used [0x000000076f300000,0x000000076f300000,0x000000076fd80000)
 ParOldGen       total 175104K, used 0K [0x00000006c1800000, 0x00000006cc300000, 0x000000076b300000)
  object space 175104K, 0% used [0x00000006c1800000,0x00000006c1800000,0x00000006cc300000)
 Metaspace       used 770K, capacity 4480K, committed 4480K, reserved 1056768K
  class space    used 75K, capacity 384K, committed 384K, reserved 1048576K

Card table byte_map: [0x0000000011910000,0x0000000012110000] byte_map_base: 0x000000000e304000

Marking Bits: (ParMarkBitMap*) 0x0000000055ecd850
 Begin Bits: [0x0000000012e60000, 0x0000000016e00000)
 End Bits:   [0x0000000016e00000, 0x000000001ada0000)

Polling page: 0x00000000009b0000

CodeCache: size=245760Kb used=328Kb max_used=328Kb free=245431Kb
 bounds [0x0000000002550000, 0x00000000027c0000, 0x0000000011550000]
 total_blobs=58 nmethods=0 adapters=38
 compilation: enabled

Compilation events (0 events):
No events

GC Heap History (0 events):
No events

Deoptimization events (0 events):
No events

Internal exceptions (0 events):
No events

Events (10 events):
Event: 0.028 loading class java/lang/Short
Event: 0.028 loading class java/lang/Short done
Event: 0.028 loading class java/lang/Integer
Event: 0.028 loading class java/lang/Integer done
Event: 0.028 loading class java/lang/Long
Event: 0.028 loading class java/lang/Long done
Event: 0.029 loading class java/lang/NullPointerException
Event: 0.029 loading class java/lang/NullPointerException done
Event: 0.029 loading class java/lang/ArithmeticException
Event: 0.029 loading class java/lang/ArithmeticException done


Dynamic libraries:
0x00007ff672300000 - 0x00007ff672337000 	D:\Dev.Kit\JDK8\bin\java.exe
0x00007ffd28720000 - 0x00007ffd2890d000 	C:\Windows\SYSTEM32\ntdll.dll
0x00007ffd25bf0000 - 0x00007ffd25ca3000 	C:\Windows\System32\KERNEL32.DLL
0x00007ffd254b0000 - 0x00007ffd25743000 	C:\Windows\System32\KERNELBASE.dll
0x00007ffd26e80000 - 0x00007ffd26f23000 	C:\Windows\System32\ADVAPI32.dll
0x00007ffd26780000 - 0x00007ffd2681e000 	C:\Windows\System32\msvcrt.dll
0x00007ffd25ad0000 - 0x00007ffd25b6e000 	C:\Windows\System32\sechost.dll
0x00007ffd25d10000 - 0x00007ffd25e32000 	C:\Windows\System32\RPCRT4.dll
0x00007ffd28550000 - 0x00007ffd286e7000 	C:\Windows\System32\USER32.dll
0x00007ffd247f0000 - 0x00007ffd24810000 	C:\Windows\System32\win32u.dll
0x00007ffd262c0000 - 0x00007ffd262e9000 	C:\Windows\System32\GDI32.dll
0x00007ffd252e0000 - 0x00007ffd2547a000 	C:\Windows\System32\gdi32full.dll
0x00007ffd24fb0000 - 0x00007ffd25050000 	C:\Windows\System32\msvcp_win.dll
0x00007ffd250b0000 - 0x00007ffd251aa000 	C:\Windows\System32\ucrtbase.dll
0x00007ffd0e2e0000 - 0x00007ffd0e559000 	C:\Windows\WinSxS\amd64_microsoft.windows.common-controls_6595b64144ccf1df_6.0.17763.379_none_05b83be8071c94a1\COMCTL32.dll
0x00007ffd26a40000 - 0x00007ffd26d6d000 	C:\Windows\System32\combase.dll
0x00007ffd251b0000 - 0x00007ffd2522e000 	C:\Windows\System32\bcryptPrimitives.dll
0x00007ffd26660000 - 0x00007ffd2668e000 	C:\Windows\System32\IMM32.DLL
0x0000000055f50000 - 0x0000000056022000 	D:\Dev.Kit\JDK8\jre\bin\msvcr100.dll
0x00000000556b0000 - 0x0000000055f4d000 	D:\Dev.Kit\JDK8\jre\bin\server\jvm.dll
0x00007ffd26770000 - 0x00007ffd26778000 	C:\Windows\System32\PSAPI.DLL
0x00007ffd227d0000 - 0x00007ffd227f4000 	C:\Windows\SYSTEM32\WINMM.dll
0x00007ffd11680000 - 0x00007ffd11689000 	C:\Windows\SYSTEM32\WSOCK32.dll
0x00007ffd1f410000 - 0x00007ffd1f41a000 	C:\Windows\SYSTEM32\VERSION.dll
0x00007ffd26820000 - 0x00007ffd2688d000 	C:\Windows\System32\WS2_32.dll
0x00007ffd227a0000 - 0x00007ffd227cd000 	C:\Windows\SYSTEM32\WINMMBASE.dll
0x00007ffd24f60000 - 0x00007ffd24faa000 	C:\Windows\System32\cfgmgr32.dll
0x00000000556a0000 - 0x00000000556af000 	D:\Dev.Kit\JDK8\jre\bin\verify.dll
0x0000000055670000 - 0x0000000055699000 	D:\Dev.Kit\JDK8\jre\bin\java.dll
0x0000000055650000 - 0x0000000055666000 	D:\Dev.Kit\JDK8\jre\bin\zip.dll

VM Arguments:
java_command: <unknown>
java_class_path (initial): .
Launcher Type: SUN_STANDARD

Environment Variables:
JAVA_HOME=D:/Dev.Kit/JDK8
PATH=C:\Program Files (x86)\Intel\iCLS Client\;C:\Program Files\Intel\iCLS Client\;C:\Windows\system32;C:\Windows;C:\Windows\System32\Wbem;C:\Windows\System32\WindowsPowerShell\v1.0\;C:\Windows\System32\OpenSSH\;C:\Program Files (x86)\NVIDIA Corporation\PhysX\Common;C:\Program Files\NVIDIA Corporation\NVIDIA NvDLISR;C:\Program Files (x86)\Intel\Intel(R) Management Engine Components\DAL;C:\Program Files\Intel\Intel(R) Management Engine Components\DAL;C:\Program Files (x86)\Intel\Intel(R) Management Engine Components\IPT;C:\Program Files\Intel\Intel(R) Management Engine Components\IPT;C:\Program Files\Intel\WiFi\bin\;C:\Program Files\Common Files\Intel\WirelessCommon\;C:\Program Files\dotnet\;C:\Program Files\Microsoft SQL Server\130\Tools\Binn\;C:\Users\axelz\AppData\Local\Microsoft\WindowsApps;C:\Program Files\Intel\WiFi\bin\;C:\Program Files\Common Files\Intel\WirelessCommon\
USERNAME=axelz
OS=Windows_NT
PROCESSOR_IDENTIFIER=Intel64 Family 6 Model 94 Stepping 3, GenuineIntel



---------------  S Y S T E M  ---------------

OS: Windows 10.0 , 64 bit Build 17763 (10.0.17763.379)

CPU:total 8 (initial active 8) (4 cores per cpu, 2 threads per core) family 6 model 94 stepping 3, cmov, cx8, fxsr, mmx, sse, sse2, sse3, ssse3, sse4.1, sse4.2, popcnt, avx, avx2, aes, clmul, erms, rtm, 3dnowpref, lzcnt, ht, tsc, tscinvbit, bmi1, bmi2, adx

Memory: 4k page, physical 16673248k(6449212k free), swap 17492448k(5904k free)

vm_info: Java HotSpot(TM) 64-Bit Server VM (25.144-b01) for windows-amd64 JRE (1.8.0_144-b01), built on Jul 21 2017 21:57:33 by "java_re" with MS VC++ 10.0 (VS2010)

time: Sat Apr 27 21:23:49 2019
elapsed time: 0 seconds (0d 0h 0m 0s)

